#
# There is insufficient memory for the Java Runtime Environment to continue.
# Native memory allocation (malloc) failed to allocate 1048576 bytes for AllocateHeap
# Possible reasons:
#   The system is out of physical RAM or swap space
#   The process is running with CompressedOops enabled, and the Java Heap may be blocking the growth of the native heap
# Possible solutions:
#   Reduce memory load on the system
#   Increase physical memory or swap space
#   Check if swap backing store is full
#   Decrease Java heap size (-Xmx/-Xms)
#   Decrease number of Java threads
#   Decrease Java thread stack sizes (-Xss)
#   Set larger code cache with -XX:ReservedCodeCacheSize=
#   JVM is running with Unscaled Compressed Oops mode in which the Java heap is
#     placed in the first 4GB address space. The Java Heap base address is the
#     maximum limit for the native heap growth. Please use -XX:HeapBaseMinAddress
#     to set the Java Heap base and to place the Java Heap above 4GB virtual address.
# This output file may be truncated or incomplete.
#
#  Out of Memory Error (./src/hotspot/share/memory/allocation.cpp:46), pid=24200, tid=12748
#
# JRE version: OpenJDK Runtime Environment (11.0.11+9) (build 11.0.11+9-b60-7590822)
# Java VM: OpenJDK 64-Bit Server VM (11.0.11+9-b60-7590822, mixed mode, tiered, compressed oops, g1 gc, windows-amd64)
# No core dump will be written. Minidumps are not enabled by default on client versions of Windows
#

---------------  S U M M A R Y ------------

Command Line: --add-opens=java.base/java.util=ALL-UNNAMED --add-opens=java.base/java.lang=ALL-UNNAMED --add-opens=java.base/java.lang.invoke=ALL-UNNAMED --add-opens=java.base/java.util=ALL-UNNAMED --add-opens=java.prefs/java.util.prefs=ALL-UNNAMED --add-opens=java.prefs/java.util.prefs=ALL-UNNAMED --add-opens=java.base/java.nio.charset=ALL-UNNAMED --add-opens=java.base/java.net=ALL-UNNAMED --add-opens=java.base/java.util.concurrent.atomic=ALL-UNNAMED -Xmx2048m -Dfile.encoding=UTF-8 -Duser.country=RU -Duser.language=ru -Duser.variant org.gradle.launcher.daemon.bootstrap.GradleDaemon 7.2

Host: Intel(R) Core(TM) i5-10210U CPU @ 1.60GHz, 8 cores, 7G,  Windows 10 , 64 bit Build 22000 (10.0.22000.675)
Time: Thu Jun  2 19:40:51 2022 Центральная Азия (зима) elapsed time: 12.269772 seconds (0d 0h 0m 12s)

---------------  T H R E A D  ---------------

Current thread (0x00000256ff093800):  VMThread "VM Thread" [stack: 0x00000076a9b00000,0x00000076a9c00000] [id=12748]

Stack: [0x00000076a9b00000,0x00000076a9c00000]
[error occurred during error reporting (printing stack bounds), id 0xc0000005, EXCEPTION_ACCESS_VIOLATION (0xc0000005) at pc=0x00000256edf40f2d]

Native frames: (J=compiled Java code, j=interpreted, Vv=VM code, C=native code)
V  [jvm.dll+0x5f214a]
V  [jvm.dll+0x726fb5]
V  [jvm.dll+0x7285cd]
V  [jvm.dll+0x728be5]
V  [jvm.dll+0x728b9b]
V  [jvm.dll+0x5f14e8]
V  [jvm.dll+0x5f1c78]
C  [ntdll.dll+0xa8e4f]
C  [ntdll.dll+0x35e9a]
C  [ntdll.dll+0xa7e5e]
C  0x00000256edf40f2d

VM_Operation (0x00000076aaef6dc0): CollectForMetadataAllocation, mode: safepoint, requested by thread 0x0000025686c92800


---------------  P R O C E S S  ---------------

Threads class SMR info:
_java_thread_list=0x000002568de16c60, length=123, elements={
0x00000256e8c71000, 0x00000256ff095800, 0x00000256ff0a2800, 0x00000256ffa39800,
0x00000256ffa3a800, 0x00000256ffa3b800, 0x00000256ffa3f000, 0x00000256ffa42000,
0x00000256ff0be800, 0x00000256ffb87000, 0x0000025687df2000, 0x00000256ffd65800,
0x00000256874b2800, 0x0000025688a64800, 0x0000025687b29000, 0x0000025686c91800,
0x0000025686c92800, 0x000002568880d000, 0x0000025687104800, 0x0000025688c5c000,
0x0000025688c59800, 0x0000025688c5a800, 0x0000025688c5b000, 0x0000025688892000,
0x000002568888e800, 0x0000025688890800, 0x000002568888f800, 0x0000025688891000,
0x0000025688893000, 0x0000025688893800, 0x000002568888e000, 0x0000025688895800,
0x0000025688898800, 0x0000025688894800, 0x0000025688897000, 0x0000025688897800,
0x0000025688899800, 0x000002568889a000, 0x000002568889c000, 0x000002568889c800,
0x0000025688fab800, 0x0000025688faa000, 0x0000025688faa800, 0x0000025688fac000,
0x0000025688fa7800, 0x0000025688fad000, 0x0000025688fa8000, 0x0000025688fae000,
0x0000025688fa9000, 0x0000025688fae800, 0x0000025688fb4800, 0x0000025688fb0800,
0x0000025688fb1000, 0x0000025688fb3800, 0x0000025688faf800, 0x0000025688fb2000,
0x0000025688fb2800, 0x0000025688fb5000, 0x0000025688fb6000, 0x000002568b3e5000,
0x000002568b3e3000, 0x000002568b3e6800, 0x000002568b3e9000, 0x000002568b3e7800,
0x000002568b3e5800, 0x000002568b3ea000, 0x000002568b3e8000, 0x000002568b3e4000,
0x000002568b3ec000, 0x000002568b3ee800, 0x000002568b3ef800, 0x000002568b3f0800,
0x000002568b3ea800, 0x000002568b3eb800, 0x000002568b3f1000, 0x000002568b3ee000,
0x000002568b3f2000, 0x000002568b3ed000, 0x000002568bab0000, 0x000002568bab3000,
0x000002568bab2000, 0x000002568bab0800, 0x000002568baae000, 0x000002568baad800,
0x000002568bab4000, 0x000002568bab1800, 0x000002568bab4800, 0x000002568baaf000,
0x000002568bab7000, 0x000002568bab9000, 0x000002568bab8000, 0x000002568bab5800,
0x000002568bab9800, 0x000002568baba800, 0x000002568babb000, 0x000002568babc000,
0x000002568bab6800, 0x000002568b9ff800, 0x000002568b9ff000, 0x000002568b9fc800,
0x000002568b9fd000, 0x000002568b9fa800, 0x000002568ba01000, 0x000002568b9fe000,
0x000002568ba00800, 0x000002568b9fb800, 0x000002568ba06000, 0x000002568ba07000,
0x000002568ba03000, 0x000002568ba05800, 0x000002568ba03800, 0x000002568ba07800,
0x000002568ba02000, 0x000002568ba04800, 0x000002568ba08800, 0x000002568ba09800,
0x000002568b05e800, 0x000002568b062800, 0x000002568b063800, 0x000002568b064800,
0x000002568b061000, 0x000002568b05f800, 0x000002568b065000
}

Java Threads: ( => current thread )
  0x00000256e8c71000 JavaThread "main" [_thread_blocked, id=19884, stack(0x00000076a9500000,0x00000076a9600000)]
  0x00000256ff095800 JavaThread "Reference Handler" daemon [_thread_blocked, id=23524, stack(0x00000076a9c00000,0x00000076a9d00000)]
  0x00000256ff0a2800 JavaThread "Finalizer" daemon [_thread_blocked, id=6608, stack(0x00000076a9d00000,0x00000076a9e00000)]
  0x00000256ffa39800 JavaThread "Signal Dispatcher" daemon [_thread_blocked, id=14232, stack(0x00000076a9e00000,0x00000076a9f00000)]
  0x00000256ffa3a800 JavaThread "Attach Listener" daemon [_thread_blocked, id=3600, stack(0x00000076a9f00000,0x00000076aa000000)]
  0x00000256ffa3b800 JavaThread "Service Thread" daemon [_thread_blocked, id=324, stack(0x00000076aa000000,0x00000076aa100000)]
  0x00000256ffa3f000 JavaThread "C2 CompilerThread0" daemon [_thread_blocked, id=18708, stack(0x00000076aa100000,0x00000076aa200000)]
  0x00000256ffa42000 JavaThread "C1 CompilerThread0" daemon [_thread_blocked, id=16232, stack(0x00000076aa200000,0x00000076aa300000)]
  0x00000256ff0be800 JavaThread "Sweeper thread" daemon [_thread_blocked, id=928, stack(0x00000076aa300000,0x00000076aa400000)]
  0x00000256ffb87000 JavaThread "Common-Cleaner" daemon [_thread_blocked, id=15292, stack(0x00000076aa400000,0x00000076aa500000)]
  0x0000025687df2000 JavaThread "Daemon health stats" [_thread_blocked, id=13296, stack(0x00000076aa900000,0x00000076aaa00000)]
  0x00000256ffd65800 JavaThread "Incoming local TCP Connector on port 61863" [_thread_in_native, id=19872, stack(0x00000076aa600000,0x00000076aa700000)]
  0x00000256874b2800 JavaThread "Daemon periodic checks" [_thread_blocked, id=17356, stack(0x00000076aaa00000,0x00000076aab00000)]
  0x0000025688a64800 JavaThread "Daemon" [_thread_blocked, id=24064, stack(0x00000076aab00000,0x00000076aac00000)]
  0x0000025687b29000 JavaThread "Handler for socket connection from /127.0.0.1:61863 to /127.0.0.1:61864" [_thread_in_native, id=11548, stack(0x00000076aac00000,0x00000076aad00000)]
  0x0000025686c91800 JavaThread "Cancel handler" [_thread_blocked, id=11968, stack(0x00000076aad00000,0x00000076aae00000)]
  0x0000025686c92800 JavaThread "Daemon worker" [_thread_blocked, id=22560, stack(0x00000076aae00000,0x00000076aaf00000)]
  0x000002568880d000 JavaThread "Asynchronous log dispatcher for DefaultDaemonConnection: socket connection from /127.0.0.1:61863 to /127.0.0.1:61864" [_thread_blocked, id=23716, stack(0x00000076aaf00000,0x00000076ab000000)]
  0x0000025687104800 JavaThread "Stdin handler" [_thread_blocked, id=22812, stack(0x00000076ab000000,0x00000076ab100000)]
  0x0000025688c5c000 JavaThread "Daemon client event forwarder" [_thread_blocked, id=20700, stack(0x00000076ab100000,0x00000076ab200000)]
  0x0000025688c59800 JavaThread "Cache worker for journal cache (C:\Users\Masloff\.gradle\caches\journal-1)" [_thread_blocked, id=9156, stack(0x00000076ab700000,0x00000076ab800000)]
  0x0000025688c5a800 JavaThread "File lock request listener" [_thread_in_native, id=23240, stack(0x00000076ab800000,0x00000076ab900000)]
  0x0000025688c5b000 JavaThread "Cache worker for file hash cache (C:\Users\Masloff\.gradle\caches\7.2\fileHashes)" [_thread_blocked, id=20052, stack(0x00000076aba00000,0x00000076abb00000)]
  0x0000025688892000 JavaThread "Cache worker for file hash cache (C:\Users\Masloff\AndroidStudioProjects\Example\.gradle\7.2\fileHashes)" [_thread_blocked, id=20604, stack(0x00000076abb00000,0x00000076abc00000)]
  0x000002568888e800 JavaThread "File watcher server" daemon [_thread_in_native, id=18872, stack(0x00000076abc00000,0x00000076abd00000)]
  0x0000025688890800 JavaThread "File watcher consumer" daemon [_thread_blocked, id=22920, stack(0x00000076abd00000,0x00000076abe00000)]
  0x000002568888f800 JavaThread "jar transforms" [_thread_blocked, id=8848, stack(0x00000076abe00000,0x00000076abf00000)]
  0x0000025688891000 JavaThread "jar transforms Thread 2" [_thread_blocked, id=6928, stack(0x00000076abf00000,0x00000076ac000000)]
  0x0000025688893000 JavaThread "jar transforms Thread 3" [_thread_blocked, id=21608, stack(0x00000076ac000000,0x00000076ac100000)]
  0x0000025688893800 JavaThread "jar transforms Thread 4" [_thread_blocked, id=7980, stack(0x00000076ac100000,0x00000076ac200000)]
  0x000002568888e000 JavaThread "jar transforms Thread 5" [_thread_blocked, id=23048, stack(0x00000076ac200000,0x00000076ac300000)]
  0x0000025688895800 JavaThread "jar transforms Thread 6" [_thread_blocked, id=23516, stack(0x00000076ac300000,0x00000076ac400000)]
  0x0000025688898800 JavaThread "jar transforms Thread 7" [_thread_blocked, id=10192, stack(0x00000076ac400000,0x00000076ac500000)]
  0x0000025688894800 JavaThread "jar transforms Thread 8" [_thread_blocked, id=1896, stack(0x00000076ac500000,0x00000076ac600000)]
  0x0000025688897000 JavaThread "Cache worker for checksums cache (C:\Users\Masloff\AndroidStudioProjects\Example\.gradle\checksums)" [_thread_blocked, id=4052, stack(0x00000076ac600000,0x00000076ac700000)]
  0x0000025688897800 JavaThread "Cache worker for cache directory md-supplier (C:\Users\Masloff\.gradle\caches\7.2\md-supplier)" [_thread_blocked, id=14108, stack(0x00000076ac700000,0x00000076ac800000)]
  0x0000025688899800 JavaThread "Cache worker for cache directory md-rule (C:\Users\Masloff\.gradle\caches\7.2\md-rule)" [_thread_blocked, id=500, stack(0x00000076ac800000,0x00000076ac900000)]
  0x000002568889a000 JavaThread "Cache worker for execution history cache (C:\Users\Masloff\.gradle\caches\7.2\executionHistory)" [_thread_blocked, id=12332, stack(0x00000076ac900000,0x00000076aca00000)]
  0x000002568889c000 JavaThread "Cache worker for file content cache (C:\Users\Masloff\.gradle\caches\7.2\fileContent)" [_thread_blocked, id=3572, stack(0x00000076aca00000,0x00000076acb00000)]
  0x000002568889c800 JavaThread "Cache worker for dependencies-accessors (C:\Users\Masloff\AndroidStudioProjects\Example\.gradle\7.2\dependencies-accessors)" [_thread_blocked, id=19976, stack(0x00000076acb00000,0x00000076acc00000)]
  0x0000025688fab800 JavaThread "Cache worker for Build Output Cleanup Cache (C:\Users\Masloff\AndroidStudioProjects\Example\.gradle\buildOutputCleanup)" [_thread_blocked, id=4248, stack(0x00000076acc00000,0x00000076acd00000)]
  0x0000025688faa000 JavaThread "Unconstrained build operations" [_thread_blocked, id=12504, stack(0x00000076acd00000,0x00000076ace00000)]
  0x0000025688faa800 JavaThread "Unconstrained build operations Thread 2" [_thread_blocked, id=21668, stack(0x00000076ace00000,0x00000076acf00000)]
  0x0000025688fac000 JavaThread "Unconstrained build operations Thread 3" [_thread_blocked, id=22768, stack(0x00000076acf00000,0x00000076ad000000)]
  0x0000025688fa7800 JavaThread "Unconstrained build operations Thread 4" [_thread_blocked, id=22020, stack(0x00000076ad000000,0x00000076ad100000)]
  0x0000025688fad000 JavaThread "Unconstrained build operations Thread 5" [_thread_blocked, id=8060, stack(0x00000076ad100000,0x00000076ad200000)]
  0x0000025688fa8000 JavaThread "Unconstrained build operations Thread 6" [_thread_blocked, id=4804, stack(0x00000076ad200000,0x00000076ad300000)]
  0x0000025688fae000 JavaThread "Unconstrained build operations Thread 7" [_thread_blocked, id=12596, stack(0x00000076ad300000,0x00000076ad400000)]
  0x0000025688fa9000 JavaThread "Unconstrained build operations Thread 8" [_thread_blocked, id=13236, stack(0x00000076ad400000,0x00000076ad500000)]
  0x0000025688fae800 JavaThread "Unconstrained build operations Thread 9" [_thread_blocked, id=6128, stack(0x00000076ad500000,0x00000076ad600000)]
  0x0000025688fb4800 JavaThread "Unconstrained build operations Thread 10" [_thread_blocked, id=6548, stack(0x00000076ad600000,0x00000076ad700000)]
  0x0000025688fb0800 JavaThread "Unconstrained build operations Thread 11" [_thread_blocked, id=6536, stack(0x00000076ad700000,0x00000076ad800000)]
  0x0000025688fb1000 JavaThread "Unconstrained build operations Thread 12" [_thread_blocked, id=21724, stack(0x00000076ad800000,0x00000076ad900000)]
  0x0000025688fb3800 JavaThread "Unconstrained build operations Thread 13" [_thread_blocked, id=23460, stack(0x00000076ad900000,0x00000076ada00000)]
  0x0000025688faf800 JavaThread "Unconstrained build operations Thread 14" [_thread_blocked, id=22384, stack(0x00000076ada00000,0x00000076adb00000)]
  0x0000025688fb2000 JavaThread "Unconstrained build operations Thread 15" [_thread_blocked, id=17412, stack(0x00000076adb00000,0x00000076adc00000)]
  0x0000025688fb2800 JavaThread "Unconstrained build operations Thread 16" [_thread_blocked, id=19308, stack(0x00000076adc00000,0x00000076add00000)]
  0x0000025688fb5000 JavaThread "Unconstrained build operations Thread 17" [_thread_blocked, id=20080, stack(0x00000076add00000,0x00000076ade00000)]
  0x0000025688fb6000 JavaThread "Unconstrained build operations Thread 18" [_thread_blocked, id=7396, stack(0x00000076ade00000,0x00000076adf00000)]
  0x000002568b3e5000 JavaThread "Unconstrained build operations Thread 19" [_thread_blocked, id=18216, stack(0x00000076adf00000,0x00000076ae000000)]
  0x000002568b3e3000 JavaThread "Unconstrained build operations Thread 20" [_thread_blocked, id=4616, stack(0x00000076ae000000,0x00000076ae100000)]
  0x000002568b3e6800 JavaThread "Unconstrained build operations Thread 21" [_thread_blocked, id=7952, stack(0x00000076ae100000,0x00000076ae200000)]
  0x000002568b3e9000 JavaThread "Unconstrained build operations Thread 22" [_thread_blocked, id=3712, stack(0x00000076ae200000,0x00000076ae300000)]
  0x000002568b3e7800 JavaThread "Unconstrained build operations Thread 23" [_thread_blocked, id=24192, stack(0x00000076ae300000,0x00000076ae400000)]
  0x000002568b3e5800 JavaThread "Unconstrained build operations Thread 24" [_thread_blocked, id=22328, stack(0x00000076ae400000,0x00000076ae500000)]
  0x000002568b3ea000 JavaThread "Unconstrained build operations Thread 25" [_thread_blocked, id=20012, stack(0x00000076ae500000,0x00000076ae600000)]
  0x000002568b3e8000 JavaThread "Unconstrained build operations Thread 26" [_thread_blocked, id=4876, stack(0x00000076ae600000,0x00000076ae700000)]
  0x000002568b3e4000 JavaThread "Unconstrained build operations Thread 27" [_thread_blocked, id=11312, stack(0x00000076ae700000,0x00000076ae800000)]
  0x000002568b3ec000 JavaThread "Unconstrained build operations Thread 28" [_thread_blocked, id=23368, stack(0x00000076ae800000,0x00000076ae900000)]
  0x000002568b3ee800 JavaThread "Unconstrained build operations Thread 29" [_thread_blocked, id=21148, stack(0x00000076ae900000,0x00000076aea00000)]
  0x000002568b3ef800 JavaThread "Unconstrained build operations Thread 30" [_thread_blocked, id=7404, stack(0x00000076aea00000,0x00000076aeb00000)]
  0x000002568b3f0800 JavaThread "Unconstrained build operations Thread 31" [_thread_blocked, id=22716, stack(0x00000076aeb00000,0x00000076aec00000)]
  0x000002568b3ea800 JavaThread "Unconstrained build operations Thread 32" [_thread_blocked, id=23476, stack(0x00000076aec00000,0x00000076aed00000)]
  0x000002568b3eb800 JavaThread "Unconstrained build operations Thread 33" [_thread_blocked, id=22240, stack(0x00000076aed00000,0x00000076aee00000)]
  0x000002568b3f1000 JavaThread "Unconstrained build operations Thread 34" [_thread_blocked, id=23992, stack(0x00000076aee00000,0x00000076aef00000)]
  0x000002568b3ee000 JavaThread "Unconstrained build operations Thread 35" [_thread_blocked, id=14048, stack(0x00000076aef00000,0x00000076af000000)]
  0x000002568b3f2000 JavaThread "Unconstrained build operations Thread 36" [_thread_blocked, id=11704, stack(0x00000076af000000,0x00000076af100000)]
  0x000002568b3ed000 JavaThread "Unconstrained build operations Thread 37" [_thread_blocked, id=11176, stack(0x00000076af100000,0x00000076af200000)]
  0x000002568bab0000 JavaThread "Unconstrained build operations Thread 38" [_thread_blocked, id=5044, stack(0x00000076af200000,0x00000076af300000)]
  0x000002568bab3000 JavaThread "Unconstrained build operations Thread 39" [_thread_blocked, id=9456, stack(0x00000076af300000,0x00000076af400000)]
  0x000002568bab2000 JavaThread "Unconstrained build operations Thread 40" [_thread_blocked, id=1256, stack(0x00000076af400000,0x00000076af500000)]
  0x000002568bab0800 JavaThread "Unconstrained build operations Thread 41" [_thread_blocked, id=3064, stack(0x00000076af500000,0x00000076af600000)]
  0x000002568baae000 JavaThread "Unconstrained build operations Thread 42" [_thread_blocked, id=17340, stack(0x00000076af600000,0x00000076af700000)]
  0x000002568baad800 JavaThread "Unconstrained build operations Thread 43" [_thread_blocked, id=16724, stack(0x00000076af700000,0x00000076af800000)]
  0x000002568bab4000 JavaThread "Unconstrained build operations Thread 44" [_thread_blocked, id=17132, stack(0x00000076af800000,0x00000076af900000)]
  0x000002568bab1800 JavaThread "Unconstrained build operations Thread 45" [_thread_blocked, id=18660, stack(0x00000076af900000,0x00000076afa00000)]
  0x000002568bab4800 JavaThread "Unconstrained build operations Thread 46" [_thread_blocked, id=18372, stack(0x00000076afa00000,0x00000076afb00000)]
  0x000002568baaf000 JavaThread "Unconstrained build operations Thread 47" [_thread_blocked, id=24172, stack(0x00000076afb00000,0x00000076afc00000)]
  0x000002568bab7000 JavaThread "Unconstrained build operations Thread 48" [_thread_blocked, id=20296, stack(0x00000076afc00000,0x00000076afd00000)]
  0x000002568bab9000 JavaThread "Unconstrained build operations Thread 49" [_thread_blocked, id=15660, stack(0x00000076afd00000,0x00000076afe00000)]
  0x000002568bab8000 JavaThread "Unconstrained build operations Thread 50" [_thread_blocked, id=7212, stack(0x00000076afe00000,0x00000076aff00000)]
  0x000002568bab5800 JavaThread "Unconstrained build operations Thread 51" [_thread_blocked, id=4524, stack(0x00000076aff00000,0x00000076b0000000)]
  0x000002568bab9800 JavaThread "Unconstrained build operations Thread 52" [_thread_blocked, id=19264, stack(0x00000076b0000000,0x00000076b0100000)]
  0x000002568baba800 JavaThread "Unconstrained build operations Thread 53" [_thread_blocked, id=12096, stack(0x00000076b0100000,0x00000076b0200000)]
  0x000002568babb000 JavaThread "Unconstrained build operations Thread 54" [_thread_blocked, id=18256, stack(0x00000076b0200000,0x00000076b0300000)]
  0x000002568babc000 JavaThread "Unconstrained build operations Thread 55" [_thread_blocked, id=19580, stack(0x00000076b0300000,0x00000076b0400000)]
  0x000002568bab6800 JavaThread "Unconstrained build operations Thread 56" [_thread_blocked, id=22848, stack(0x00000076b0400000,0x00000076b0500000)]
  0x000002568b9ff800 JavaThread "Unconstrained build operations Thread 57" [_thread_blocked, id=18876, stack(0x00000076b0500000,0x00000076b0600000)]
  0x000002568b9ff000 JavaThread "Unconstrained build operations Thread 58" [_thread_blocked, id=12792, stack(0x00000076b0600000,0x00000076b0700000)]
  0x000002568b9fc800 JavaThread "Unconstrained build operations Thread 59" [_thread_blocked, id=1396, stack(0x00000076b0700000,0x00000076b0800000)]
  0x000002568b9fd000 JavaThread "Unconstrained build operations Thread 60" [_thread_blocked, id=23312, stack(0x00000076b0800000,0x00000076b0900000)]
  0x000002568b9fa800 JavaThread "Unconstrained build operations Thread 61" [_thread_blocked, id=7596, stack(0x00000076b0900000,0x00000076b0a00000)]
  0x000002568ba01000 JavaThread "Unconstrained build operations Thread 62" [_thread_blocked, id=9372, stack(0x00000076b0a00000,0x00000076b0b00000)]
  0x000002568b9fe000 JavaThread "Unconstrained build operations Thread 63" [_thread_blocked, id=7568, stack(0x00000076b0b00000,0x00000076b0c00000)]
  0x000002568ba00800 JavaThread "Unconstrained build operations Thread 64" [_thread_blocked, id=17780, stack(0x00000076b0c00000,0x00000076b0d00000)]
  0x000002568b9fb800 JavaThread "Unconstrained build operations Thread 65" [_thread_blocked, id=12712, stack(0x00000076b0d00000,0x00000076b0e00000)]
  0x000002568ba06000 JavaThread "Unconstrained build operations Thread 66" [_thread_blocked, id=18512, stack(0x00000076b0e00000,0x00000076b0f00000)]
  0x000002568ba07000 JavaThread "Unconstrained build operations Thread 67" [_thread_blocked, id=22916, stack(0x00000076b0f00000,0x00000076b1000000)]
  0x000002568ba03000 JavaThread "Unconstrained build operations Thread 68" [_thread_blocked, id=1592, stack(0x00000076b1000000,0x00000076b1100000)]
  0x000002568ba05800 JavaThread "Unconstrained build operations Thread 69" [_thread_blocked, id=13968, stack(0x00000076b1100000,0x00000076b1200000)]
  0x000002568ba03800 JavaThread "Unconstrained build operations Thread 70" [_thread_blocked, id=21908, stack(0x00000076b1200000,0x00000076b1300000)]
  0x000002568ba07800 JavaThread "Unconstrained build operations Thread 71" [_thread_blocked, id=19140, stack(0x00000076b1300000,0x00000076b1400000)]
  0x000002568ba02000 JavaThread "Unconstrained build operations Thread 72" [_thread_blocked, id=12824, stack(0x00000076b1400000,0x00000076b1500000)]
  0x000002568ba04800 JavaThread "Unconstrained build operations Thread 73" [_thread_blocked, id=23608, stack(0x00000076b1500000,0x00000076b1600000)]
  0x000002568ba08800 JavaThread "Unconstrained build operations Thread 74" [_thread_blocked, id=14992, stack(0x00000076b1600000,0x00000076b1700000)]
  0x000002568ba09800 JavaThread "Unconstrained build operations Thread 75" [_thread_blocked, id=4244, stack(0x00000076b1700000,0x00000076b1800000)]
  0x000002568b05e800 JavaThread "Unconstrained build operations Thread 76" [_thread_blocked, id=9840, stack(0x00000076b1800000,0x00000076b1900000)]
  0x000002568b062800 JavaThread "Unconstrained build operations Thread 77" [_thread_blocked, id=6556, stack(0x00000076b1900000,0x00000076b1a00000)]
  0x000002568b063800 JavaThread "Unconstrained build operations Thread 78" [_thread_blocked, id=11300, stack(0x00000076b1a00000,0x00000076b1b00000)]
  0x000002568b064800 JavaThread "Unconstrained build operations Thread 79" [_thread_blocked, id=23192, stack(0x00000076b1b00000,0x00000076b1c00000)]
  0x000002568b061000 JavaThread "Unconstrained build operations Thread 80" [_thread_blocked, id=22788, stack(0x00000076b1c00000,0x00000076b1d00000)]
  0x000002568b05f800 JavaThread "Memory manager" [_thread_blocked, id=6844, stack(0x00000076b1d00000,0x00000076b1e00000)]
  0x000002568b065000 JavaThread "build event listener" [_thread_blocked, id=17604, stack(0x00000076b1e00000,0x00000076b1f00000)]

Other Threads:
=>0x00000256ff093800 VMThread "VM Thread" [stack: 0x00000076a9b00000,0x00000076a9c00000] [id=12748]
  0x00000256ffbb2800 WatcherThread [stack: 0x00000076aa500000,0x00000076aa600000] [id=6768]
  0x00000256e8c88800 GCTaskThread "GC Thread#0" [stack: 0x00000076a9600000,0x00000076a9700000] [id=8652]
  0x0000025686cf4800 GCTaskThread "GC Thread#1" [stack: 0x00000076aa700000,0x00000076aa800000] [id=21864]
  0x00000256863d4000 GCTaskThread "GC Thread#2" [stack: 0x00000076aa800000,0x00000076aa900000] [id=5656]
  0x0000025686a9b800 GCTaskThread "GC Thread#3" [stack: 0x00000076ab200000,0x00000076ab300000] [id=17576]
  0x0000025686ba7800 GCTaskThread "GC Thread#4" [stack: 0x00000076ab300000,0x00000076ab400000] [id=19336]
  0x0000025687a58000 GCTaskThread "GC Thread#5" [stack: 0x00000076ab400000,0x00000076ab500000] [id=11868]
  0x0000025689235000 GCTaskThread "GC Thread#6" [stack: 0x00000076ab500000,0x00000076ab600000] [id=10156]
  0x0000025687b69000 GCTaskThread "GC Thread#7" [stack: 0x00000076ab600000,0x00000076ab700000] [id=21208]
  0x00000256e8cbe000 ConcurrentGCThread "G1 Main Marker" [stack: 0x00000076a9700000,0x00000076a9800000] [id=9164]
  0x00000256e8cbf000 ConcurrentGCThread "G1 Conc#0" [stack: 0x00000076a9800000,0x00000076a9900000] [id=16056]
  0x0000025686b82800 ConcurrentGCThread "G1 Conc#1" [stack: 0x00000076ab900000,0x00000076aba00000] [id=14920]
  0x00000256e8d4d800 ConcurrentGCThread "G1 Refine#0" [stack: 0x00000076a9900000,0x00000076a9a00000] [id=6940]
  0x00000256feee4800 ConcurrentGCThread "G1 Young RemSet Sampling" [stack: 0x00000076a9a00000,0x00000076a9b00000] [id=11740]

Threads with active compile tasks:
C2 CompilerThread0  12293 8228       4       java.lang.ClassLoader::defineClass (43 bytes)

VM state:at safepoint (normal execution)

VM Mutex/Monitor currently owned by a thread:  ([mutex/lock_event])
[0x00000256e8c6c480] Threads_lock - owner thread: 0x00000256ff093800
[0x00000256e8c6dc20] Heap_lock - owner thread: 0x0000025686c92800

Heap address: 0x0000000080000000, size: 2048 MB, Compressed Oops mode: 32-bit
Narrow klass base: 0x0000000000000000, Narrow klass shift: 3
Compressed class space size: 1073741824 Address: 0x0000000100000000

Heap:
 garbage-first heap   total 155648K, used 94827K [0x0000000080000000, 0x0000000100000000)
  region size 1024K, 3 young (3072K), 3 survivors (3072K)
 Metaspace       used 79332K, capacity 81465K, committed 81480K, reserved 1120256K
  class space    used 10283K, capacity 11000K, committed 11008K, reserved 1048576K
Heap Regions: E=young(eden), S=young(survivor), O=old, HS=humongous(starts), HC=humongous(continues), CS=collection set, F=free, A=archive, TAMS=top-at-mark-start (previous, next)
|   0|0x0000000080000000, 0x0000000080100000, 0x0000000080100000|100%| O|  |TAMS 0x0000000080100000, 0x0000000080100000| Untracked 
|   1|0x0000000080100000, 0x0000000080200000, 0x0000000080200000|100%| O|  |TAMS 0x0000000080200000, 0x0000000080200000| Untracked 
|   2|0x0000000080200000, 0x0000000080300000, 0x0000000080300000|100%| O|  |TAMS 0x0000000080300000, 0x0000000080300000| Untracked 
|   3|0x0000000080300000, 0x0000000080400000, 0x0000000080400000|100%|HS|  |TAMS 0x0000000080400000, 0x0000000080400000| Complete 
|   4|0x0000000080400000, 0x0000000080500000, 0x0000000080500000|100%|HC|  |TAMS 0x0000000080500000, 0x0000000080500000| Complete 
|   5|0x0000000080500000, 0x0000000080600000, 0x0000000080600000|100%|HC|  |TAMS 0x0000000080600000, 0x0000000080600000| Complete 
|   6|0x0000000080600000, 0x0000000080700000, 0x0000000080700000|100%| O|  |TAMS 0x0000000080700000, 0x0000000080700000| Untracked 
|   7|0x0000000080700000, 0x0000000080800000, 0x0000000080800000|100%| O|  |TAMS 0x0000000080800000, 0x0000000080800000| Untracked 
|   8|0x0000000080800000, 0x0000000080900000, 0x0000000080900000|100%| O|  |TAMS 0x0000000080900000, 0x0000000080900000| Untracked 
|   9|0x0000000080900000, 0x0000000080a00000, 0x0000000080a00000|100%| O|  |TAMS 0x0000000080a00000, 0x0000000080a00000| Untracked 
|  10|0x0000000080a00000, 0x0000000080b00000, 0x0000000080b00000|100%| O|  |TAMS 0x0000000080b00000, 0x0000000080b00000| Untracked 
|  11|0x0000000080b00000, 0x0000000080c00000, 0x0000000080c00000|100%| O|  |TAMS 0x0000000080c00000, 0x0000000080c00000| Untracked 
|  12|0x0000000080c00000, 0x0000000080d00000, 0x0000000080d00000|100%| O|  |TAMS 0x0000000080d00000, 0x0000000080d00000| Untracked 
|  13|0x0000000080d00000, 0x0000000080e00000, 0x0000000080e00000|100%| O|  |TAMS 0x0000000080e00000, 0x0000000080e00000| Untracked 
|  14|0x0000000080e00000, 0x0000000080f00000, 0x0000000080f00000|100%| O|  |TAMS 0x0000000080f00000, 0x0000000080f00000| Untracked 
|  15|0x0000000080f00000, 0x0000000081000000, 0x0000000081000000|100%| O|  |TAMS 0x0000000081000000, 0x0000000081000000| Untracked 
|  16|0x0000000081000000, 0x0000000081100000, 0x0000000081100000|100%| O|  |TAMS 0x0000000081100000, 0x0000000081100000| Untracked 
|  17|0x0000000081100000, 0x0000000081200000, 0x0000000081200000|100%|HS|  |TAMS 0x0000000081200000, 0x0000000081200000| Complete 
|  18|0x0000000081200000, 0x0000000081300000, 0x0000000081300000|100%|HC|  |TAMS 0x0000000081300000, 0x0000000081300000| Complete 
|  19|0x0000000081300000, 0x0000000081400000, 0x0000000081400000|100%|HS|  |TAMS 0x0000000081400000, 0x0000000081400000| Complete 
|  20|0x0000000081400000, 0x0000000081500000, 0x0000000081500000|100%|HC|  |TAMS 0x0000000081500000, 0x0000000081500000| Complete 
|  21|0x0000000081500000, 0x0000000081600000, 0x0000000081600000|100%|HC|  |TAMS 0x0000000081600000, 0x0000000081600000| Complete 
|  22|0x0000000081600000, 0x0000000081700000, 0x0000000081700000|100%|HS|  |TAMS 0x0000000081700000, 0x0000000081700000| Complete 
|  23|0x0000000081700000, 0x0000000081800000, 0x0000000081800000|100%|HC|  |TAMS 0x0000000081800000, 0x0000000081800000| Complete 
|  24|0x0000000081800000, 0x0000000081900000, 0x0000000081900000|100%|HC|  |TAMS 0x0000000081900000, 0x0000000081900000| Complete 
|  25|0x0000000081900000, 0x0000000081a00000, 0x0000000081a00000|100%|HC|  |TAMS 0x0000000081a00000, 0x0000000081a00000| Complete 
|  26|0x0000000081a00000, 0x0000000081b00000, 0x0000000081b00000|100%| O|  |TAMS 0x0000000081b00000, 0x0000000081b00000| Untracked 
|  27|0x0000000081b00000, 0x0000000081c00000, 0x0000000081c00000|100%| O|  |TAMS 0x0000000081c00000, 0x0000000081c00000| Untracked 
|  28|0x0000000081c00000, 0x0000000081d00000, 0x0000000081d00000|100%| O|  |TAMS 0x0000000081d00000, 0x0000000081d00000| Untracked 
|  29|0x0000000081d00000, 0x0000000081e00000, 0x0000000081e00000|100%| O|  |TAMS 0x0000000081e00000, 0x0000000081e00000| Untracked 
|  30|0x0000000081e00000, 0x0000000081f00000, 0x0000000081f00000|100%| O|  |TAMS 0x0000000081f00000, 0x0000000081f00000| Untracked 
|  31|0x0000000081f00000, 0x0000000082000000, 0x0000000082000000|100%| O|  |TAMS 0x0000000082000000, 0x0000000082000000| Untracked 
|  32|0x0000000082000000, 0x0000000082100000, 0x0000000082100000|100%| O|  |TAMS 0x0000000082100000, 0x0000000082100000| Untracked 
|  33|0x0000000082100000, 0x0000000082200000, 0x0000000082200000|100%| O|  |TAMS 0x0000000082200000, 0x0000000082200000| Untracked 
|  34|0x0000000082200000, 0x0000000082300000, 0x0000000082300000|100%|HS|  |TAMS 0x0000000082300000, 0x0000000082300000| Complete 
|  35|0x0000000082300000, 0x0000000082400000, 0x0000000082400000|100%|HC|  |TAMS 0x0000000082400000, 0x0000000082400000| Complete 
|  36|0x0000000082400000, 0x0000000082500000, 0x0000000082500000|100%|HC|  |TAMS 0x0000000082500000, 0x0000000082500000| Complete 
|  37|0x0000000082500000, 0x0000000082600000, 0x0000000082600000|100%| O|  |TAMS 0x0000000082600000, 0x0000000082600000| Untracked 
|  38|0x0000000082600000, 0x0000000082700000, 0x0000000082700000|100%| O|  |TAMS 0x0000000082700000, 0x0000000082700000| Untracked 
|  39|0x0000000082700000, 0x0000000082800000, 0x0000000082800000|100%| O|  |TAMS 0x0000000082800000, 0x0000000082800000| Untracked 
|  40|0x0000000082800000, 0x0000000082900000, 0x0000000082900000|100%| O|  |TAMS 0x0000000082900000, 0x0000000082900000| Untracked 
|  41|0x0000000082900000, 0x0000000082a00000, 0x0000000082a00000|100%| O|  |TAMS 0x0000000082a00000, 0x0000000082a00000| Untracked 
|  42|0x0000000082a00000, 0x0000000082b00000, 0x0000000082b00000|100%| O|  |TAMS 0x0000000082b00000, 0x0000000082b00000| Untracked 
|  43|0x0000000082b00000, 0x0000000082c00000, 0x0000000082c00000|100%|HS|  |TAMS 0x0000000082c00000, 0x0000000082c00000| Complete 
|  44|0x0000000082c00000, 0x0000000082d00000, 0x0000000082d00000|100%|HC|  |TAMS 0x0000000082d00000, 0x0000000082d00000| Complete 
|  45|0x0000000082d00000, 0x0000000082e00000, 0x0000000082e00000|100%|HC|  |TAMS 0x0000000082e00000, 0x0000000082e00000| Complete 
|  46|0x0000000082e00000, 0x0000000082f00000, 0x0000000082f00000|100%|HC|  |TAMS 0x0000000082f00000, 0x0000000082f00000| Complete 
|  47|0x0000000082f00000, 0x0000000083000000, 0x0000000083000000|100%| O|  |TAMS 0x0000000083000000, 0x0000000083000000| Untracked 
|  48|0x0000000083000000, 0x0000000083100000, 0x0000000083100000|100%| O|  |TAMS 0x0000000083100000, 0x0000000083100000| Untracked 
|  49|0x0000000083100000, 0x0000000083200000, 0x0000000083200000|100%| O|  |TAMS 0x0000000083200000, 0x0000000083200000| Untracked 
|  50|0x0000000083200000, 0x0000000083300000, 0x0000000083300000|100%| O|  |TAMS 0x0000000083300000, 0x0000000083300000| Untracked 
|  51|0x0000000083300000, 0x0000000083400000, 0x0000000083400000|100%| O|  |TAMS 0x0000000083400000, 0x0000000083400000| Untracked 
|  52|0x0000000083400000, 0x0000000083500000, 0x0000000083500000|100%| O|  |TAMS 0x0000000083500000, 0x0000000083500000| Untracked 
|  53|0x0000000083500000, 0x0000000083600000, 0x0000000083600000|100%| O|  |TAMS 0x0000000083600000, 0x0000000083600000| Untracked 
|  54|0x0000000083600000, 0x0000000083700000, 0x0000000083700000|100%| O|  |TAMS 0x0000000083700000, 0x0000000083700000| Untracked 
|  55|0x0000000083700000, 0x0000000083800000, 0x0000000083800000|100%|HS|  |TAMS 0x0000000083800000, 0x0000000083800000| Complete 
|  56|0x0000000083800000, 0x0000000083900000, 0x0000000083900000|100%|HS|  |TAMS 0x0000000083900000, 0x0000000083900000| Complete 
|  57|0x0000000083900000, 0x0000000083a00000, 0x0000000083a00000|100%|HS|  |TAMS 0x0000000083a00000, 0x0000000083a00000| Complete 
|  58|0x0000000083a00000, 0x0000000083b00000, 0x0000000083b00000|100%|HS|  |TAMS 0x0000000083b00000, 0x0000000083b00000| Complete 
|  59|0x0000000083b00000, 0x0000000083c00000, 0x0000000083c00000|100%|HS|  |TAMS 0x0000000083c00000, 0x0000000083c00000| Complete 
|  60|0x0000000083c00000, 0x0000000083d00000, 0x0000000083d00000|100%|HC|  |TAMS 0x0000000083d00000, 0x0000000083d00000| Complete 
|  61|0x0000000083d00000, 0x0000000083e00000, 0x0000000083e00000|100%|HC|  |TAMS 0x0000000083e00000, 0x0000000083e00000| Complete 
|  62|0x0000000083e00000, 0x0000000083f00000, 0x0000000083f00000|100%|HS|  |TAMS 0x0000000083f00000, 0x0000000083f00000| Complete 
|  63|0x0000000083f00000, 0x0000000084000000, 0x0000000084000000|100%|HC|  |TAMS 0x0000000084000000, 0x0000000084000000| Complete 
|  64|0x0000000084000000, 0x0000000084100000, 0x0000000084100000|100%| O|  |TAMS 0x0000000084100000, 0x0000000084100000| Untracked 
|  65|0x0000000084100000, 0x0000000084200000, 0x0000000084200000|100%| O|  |TAMS 0x0000000084200000, 0x0000000084200000| Untracked 
|  66|0x0000000084200000, 0x0000000084300000, 0x0000000084300000|100%| O|  |TAMS 0x0000000084300000, 0x0000000084300000| Untracked 
|  67|0x0000000084300000, 0x0000000084400000, 0x0000000084400000|100%| O|  |TAMS 0x0000000084400000, 0x0000000084400000| Untracked 
|  68|0x0000000084400000, 0x0000000084500000, 0x0000000084500000|100%| O|  |TAMS 0x0000000084500000, 0x0000000084500000| Untracked 
|  69|0x0000000084500000, 0x0000000084600000, 0x0000000084600000|100%| O|  |TAMS 0x0000000084600000, 0x0000000084600000| Untracked 
|  70|0x0000000084600000, 0x0000000084700000, 0x0000000084700000|100%| O|  |TAMS 0x0000000084700000, 0x0000000084700000| Untracked 
|  71|0x0000000084700000, 0x0000000084800000, 0x0000000084800000|100%| O|  |TAMS 0x0000000084800000, 0x0000000084800000| Untracked 
|  72|0x0000000084800000, 0x0000000084900000, 0x0000000084900000|100%| O|  |TAMS 0x0000000084900000, 0x0000000084900000| Untracked 
|  73|0x0000000084900000, 0x0000000084a00000, 0x0000000084a00000|100%| O|  |TAMS 0x0000000084a00000, 0x0000000084a00000| Untracked 
|  74|0x0000000084a00000, 0x0000000084b00000, 0x0000000084b00000|100%| O|  |TAMS 0x0000000084b00000, 0x0000000084b00000| Untracked 
|  75|0x0000000084b00000, 0x0000000084c00000, 0x0000000084c00000|100%| O|  |TAMS 0x0000000084c00000, 0x0000000084c00000| Untracked 
|  76|0x0000000084c00000, 0x0000000084d00000, 0x0000000084d00000|100%| O|  |TAMS 0x0000000084d00000, 0x0000000084d00000| Untracked 
|  77|0x0000000084d00000, 0x0000000084e00000, 0x0000000084e00000|100%| O|  |TAMS 0x0000000084e00000, 0x0000000084e00000| Untracked 
|  78|0x0000000084e00000, 0x0000000084f00000, 0x0000000084f00000|100%| O|  |TAMS 0x0000000084f00000, 0x0000000084f00000| Untracked 
|  79|0x0000000084f00000, 0x0000000085000000, 0x0000000085000000|100%| O|  |TAMS 0x0000000085000000, 0x0000000085000000| Untracked 
|  80|0x0000000085000000, 0x0000000085100000, 0x0000000085100000|100%| O|  |TAMS 0x0000000085100000, 0x0000000085100000| Untracked 
|  81|0x0000000085100000, 0x0000000085200000, 0x0000000085200000|100%| O|  |TAMS 0x0000000085200000, 0x0000000085200000| Untracked 
|  82|0x0000000085200000, 0x0000000085300000, 0x0000000085300000|100%| O|  |TAMS 0x0000000085300000, 0x0000000085300000| Untracked 
|  83|0x0000000085300000, 0x0000000085400000, 0x0000000085400000|100%| O|  |TAMS 0x0000000085400000, 0x0000000085400000| Untracked 
|  84|0x0000000085400000, 0x0000000085500000, 0x0000000085500000|100%| O|  |TAMS 0x0000000085500000, 0x0000000085500000| Untracked 
|  85|0x0000000085500000, 0x0000000085600000, 0x0000000085600000|100%| O|  |TAMS 0x000000008551f600, 0x0000000085600000| Untracked 
|  86|0x0000000085600000, 0x0000000085700000, 0x0000000085700000|100%| O|  |TAMS 0x0000000085600000, 0x0000000085700000| Untracked 
|  87|0x0000000085700000, 0x0000000085800000, 0x0000000085800000|100%| O|  |TAMS 0x0000000085700000, 0x0000000085800000| Untracked 
|  88|0x0000000085800000, 0x0000000085900000, 0x0000000085900000|100%| O|  |TAMS 0x0000000085800000, 0x0000000085900000| Untracked 
|  89|0x0000000085900000, 0x00000000859df200, 0x0000000085a00000| 87%| O|  |TAMS 0x0000000085900000, 0x00000000859df200| Untracked 
|  90|0x0000000085a00000, 0x0000000085a00000, 0x0000000085b00000|  0%| F|  |TAMS 0x0000000085a00000, 0x0000000085a00000| Untracked 
|  91|0x0000000085b00000, 0x0000000085b00000, 0x0000000085c00000|  0%| F|  |TAMS 0x0000000085b00000, 0x0000000085b00000| Untracked 
|  92|0x0000000085c00000, 0x0000000085c00000, 0x0000000085d00000|  0%| F|  |TAMS 0x0000000085c00000, 0x0000000085c00000| Untracked 
|  93|0x0000000085d00000, 0x0000000085d00000, 0x0000000085e00000|  0%| F|  |TAMS 0x0000000085d00000, 0x0000000085d00000| Untracked 
|  94|0x0000000085e00000, 0x0000000085e00000, 0x0000000085f00000|  0%| F|  |TAMS 0x0000000085e00000, 0x0000000085e00000| Untracked 
|  95|0x0000000085f00000, 0x0000000085f00000, 0x0000000086000000|  0%| F|  |TAMS 0x0000000085f00000, 0x0000000085f00000| Untracked 
|  96|0x0000000086000000, 0x0000000086000000, 0x0000000086100000|  0%| F|  |TAMS 0x0000000086000000, 0x0000000086000000| Untracked 
|  97|0x0000000086100000, 0x0000000086100000, 0x0000000086200000|  0%| F|  |TAMS 0x0000000086100000, 0x0000000086100000| Untracked 
|  98|0x0000000086200000, 0x0000000086200000, 0x0000000086300000|  0%| F|  |TAMS 0x0000000086200000, 0x0000000086200000| Untracked 
|  99|0x0000000086300000, 0x0000000086300000, 0x0000000086400000|  0%| F|  |TAMS 0x0000000086300000, 0x0000000086300000| Untracked 
| 100|0x0000000086400000, 0x0000000086400000, 0x0000000086500000|  0%| F|  |TAMS 0x0000000086400000, 0x0000000086400000| Untracked 
| 101|0x0000000086500000, 0x0000000086500000, 0x0000000086600000|  0%| F|  |TAMS 0x0000000086500000, 0x0000000086500000| Untracked 
| 102|0x0000000086600000, 0x0000000086600000, 0x0000000086700000|  0%| F|  |TAMS 0x0000000086600000, 0x0000000086600000| Untracked 
| 103|0x0000000086700000, 0x0000000086700000, 0x0000000086800000|  0%| F|  |TAMS 0x0000000086700000, 0x0000000086700000| Untracked 
| 104|0x0000000086800000, 0x0000000086800000, 0x0000000086900000|  0%| F|  |TAMS 0x0000000086800000, 0x0000000086800000| Untracked 
| 105|0x0000000086900000, 0x0000000086900000, 0x0000000086a00000|  0%| F|  |TAMS 0x0000000086900000, 0x0000000086900000| Untracked 
| 106|0x0000000086a00000, 0x0000000086a00000, 0x0000000086b00000|  0%| F|  |TAMS 0x0000000086a00000, 0x0000000086a00000| Untracked 
| 107|0x0000000086b00000, 0x0000000086b00000, 0x0000000086c00000|  0%| F|  |TAMS 0x0000000086b00000, 0x0000000086b00000| Untracked 
| 108|0x0000000086c00000, 0x0000000086c00000, 0x0000000086d00000|  0%| F|  |TAMS 0x0000000086c00000, 0x0000000086c00000| Untracked 
| 109|0x0000000086d00000, 0x0000000086d00000, 0x0000000086e00000|  0%| F|  |TAMS 0x0000000086d00000, 0x0000000086d00000| Untracked 
| 110|0x0000000086e00000, 0x0000000086e00000, 0x0000000086f00000|  0%| F|  |TAMS 0x0000000086e00000, 0x0000000086e00000| Untracked 
| 111|0x0000000086f00000, 0x0000000086f00000, 0x0000000087000000|  0%| F|  |TAMS 0x0000000086f00000, 0x0000000086f00000| Untracked 
| 112|0x0000000087000000, 0x0000000087000000, 0x0000000087100000|  0%| F|  |TAMS 0x0000000087000000, 0x0000000087000000| Untracked 
| 113|0x0000000087100000, 0x0000000087100000, 0x0000000087200000|  0%| F|  |TAMS 0x0000000087100000, 0x0000000087100000| Untracked 
| 114|0x0000000087200000, 0x0000000087200000, 0x0000000087300000|  0%| F|  |TAMS 0x0000000087200000, 0x0000000087200000| Untracked 
| 115|0x0000000087300000, 0x0000000087300000, 0x0000000087400000|  0%| F|  |TAMS 0x0000000087300000, 0x0000000087300000| Untracked 
| 116|0x0000000087400000, 0x0000000087400000, 0x0000000087500000|  0%| F|  |TAMS 0x0000000087400000, 0x0000000087400000| Untracked 
| 117|0x0000000087500000, 0x0000000087500000, 0x0000000087600000|  0%| F|  |TAMS 0x0000000087500000, 0x0000000087500000| Untracked 
| 118|0x0000000087600000, 0x0000000087600000, 0x0000000087700000|  0%| F|  |TAMS 0x0000000087600000, 0x0000000087600000| Untracked 
| 119|0x0000000087700000, 0x0000000087700000, 0x0000000087800000|  0%| F|  |TAMS 0x0000000087700000, 0x0000000087700000| Untracked 
| 120|0x0000000087800000, 0x0000000087800000, 0x0000000087900000|  0%| F|  |TAMS 0x0000000087800000, 0x0000000087800000| Untracked 
| 121|0x0000000087900000, 0x0000000087900000, 0x0000000087a00000|  0%| F|  |TAMS 0x0000000087900000, 0x0000000087900000| Untracked 
| 122|0x0000000087a00000, 0x0000000087a00000, 0x0000000087b00000|  0%| F|  |TAMS 0x0000000087a00000, 0x0000000087a00000| Untracked 
| 123|0x0000000087b00000, 0x0000000087b00000, 0x0000000087c00000|  0%| F|  |TAMS 0x0000000087b00000, 0x0000000087b00000| Untracked 
| 124|0x0000000087c00000, 0x0000000087c00000, 0x0000000087d00000|  0%| F|  |TAMS 0x0000000087c00000, 0x0000000087c00000| Untracked 
| 125|0x0000000087d00000, 0x0000000087d00000, 0x0000000087e00000|  0%| F|  |TAMS 0x0000000087d00000, 0x0000000087d00000| Untracked 
| 126|0x0000000087e00000, 0x0000000087e00000, 0x0000000087f00000|  0%| F|  |TAMS 0x0000000087e00000, 0x0000000087e00000| Untracked 
| 127|0x0000000087f00000, 0x0000000087f00000, 0x0000000088000000|  0%| F|  |TAMS 0x0000000087f00000, 0x0000000087f00000| Untracked 
| 128|0x0000000088000000, 0x0000000088000000, 0x0000000088100000|  0%| F|  |TAMS 0x0000000088000000, 0x0000000088000000| Untracked 
| 129|0x0000000088100000, 0x0000000088100000, 0x0000000088200000|  0%| F|  |TAMS 0x0000000088100000, 0x0000000088100000| Untracked 
| 130|0x0000000088200000, 0x0000000088200000, 0x0000000088300000|  0%| F|  |TAMS 0x0000000088200000, 0x0000000088200000| Untracked 
| 131|0x0000000088300000, 0x0000000088300000, 0x0000000088400000|  0%| F|  |TAMS 0x0000000088300000, 0x0000000088300000| Untracked 
| 132|0x0000000088400000, 0x0000000088400000, 0x0000000088500000|  0%| F|  |TAMS 0x0000000088400000, 0x0000000088400000| Untracked 
| 133|0x0000000088500000, 0x0000000088500000, 0x0000000088600000|  0%| F|  |TAMS 0x0000000088500000, 0x0000000088500000| Untracked 
| 134|0x0000000088600000, 0x0000000088600000, 0x0000000088700000|  0%| F|  |TAMS 0x0000000088600000, 0x0000000088600000| Untracked 
| 135|0x0000000088700000, 0x0000000088700000, 0x0000000088800000|  0%| F|  |TAMS 0x0000000088700000, 0x0000000088700000| Untracked 
| 136|0x0000000088800000, 0x0000000088800000, 0x0000000088900000|  0%| F|  |TAMS 0x0000000088800000, 0x0000000088800000| Untracked 
| 137|0x0000000088900000, 0x0000000088900000, 0x0000000088a00000|  0%| F|  |TAMS 0x0000000088900000, 0x0000000088900000| Untracked 
| 138|0x0000000088a00000, 0x0000000088a00000, 0x0000000088b00000|  0%| F|  |TAMS 0x0000000088a00000, 0x0000000088a00000| Untracked 
| 139|0x0000000088b00000, 0x0000000088b00000, 0x0000000088c00000|  0%| F|  |TAMS 0x0000000088b00000, 0x0000000088b00000| Untracked 
| 140|0x0000000088c00000, 0x0000000088c00000, 0x0000000088d00000|  0%| F|  |TAMS 0x0000000088c00000, 0x0000000088c00000| Untracked 
| 141|0x0000000088d00000, 0x0000000088d00000, 0x0000000088e00000|  0%| F|  |TAMS 0x0000000088d00000, 0x0000000088d00000| Untracked 
| 142|0x0000000088e00000, 0x0000000088ebbc00, 0x0000000088f00000| 73%| S|CS|TAMS 0x0000000088e00000, 0x0000000088e00000| Complete 
| 143|0x0000000088f00000, 0x0000000089000000, 0x0000000089000000|100%| S|CS|TAMS 0x0000000088f00000, 0x0000000088f00000| Complete 
| 144|0x0000000089000000, 0x0000000089100000, 0x0000000089100000|100%| S|CS|TAMS 0x0000000089000000, 0x0000000089000000| Complete 
| 145|0x0000000089100000, 0x0000000089100000, 0x0000000089200000|  0%| F|  |TAMS 0x0000000089100000, 0x0000000089100000| Untracked 
| 146|0x0000000089200000, 0x0000000089200000, 0x0000000089300000|  0%| F|  |TAMS 0x0000000089200000, 0x0000000089200000| Untracked 
| 147|0x0000000089300000, 0x0000000089300000, 0x0000000089400000|  0%| F|  |TAMS 0x0000000089300000, 0x0000000089300000| Untracked 
| 148|0x0000000089400000, 0x0000000089400000, 0x0000000089500000|  0%| F|  |TAMS 0x0000000089400000, 0x0000000089400000| Untracked 
| 149|0x0000000089500000, 0x0000000089500000, 0x0000000089600000|  0%| F|  |TAMS 0x0000000089500000, 0x0000000089500000| Untracked 
| 150|0x0000000089600000, 0x0000000089600000, 0x0000000089700000|  0%| F|  |TAMS 0x0000000089600000, 0x0000000089600000| Untracked 
| 151|0x0000000089700000, 0x0000000089700000, 0x0000000089800000|  0%| F|  |TAMS 0x0000000089700000, 0x0000000089700000| Untracked 

Card table byte_map: [0x00000256fddb0000,0x00000256fe1b0000] _byte_map_base: 0x00000256fd9b0000

Marking Bits (Prev, Next): (CMBitMap*) 0x00000256e8cb4268, (CMBitMap*) 0x00000256e8cb42a0
 Prev Bits: [0x0000025680000000, 0x0000025682000000)
 Next Bits: [0x0000025682000000, 0x0000025684000000)

Polling page: 0x00000256e8d50000

Metaspace:

Usage:
  Non-class:     68.81 MB capacity,    67.43 MB ( 98%) used,     1.19 MB (  2%) free+waste,   200.88 KB ( <1%) overhead. 
      Class:     10.74 MB capacity,    10.04 MB ( 93%) used,   622.20 KB (  6%) free+waste,    94.13 KB ( <1%) overhead. 
       Both:     79.56 MB capacity,    77.47 MB ( 97%) used,     1.79 MB (  2%) free+waste,   295.00 KB ( <1%) overhead. 

Virtual space:
  Non-class space:       70.00 MB reserved,      68.82 MB ( 98%) committed 
      Class space:        1.00 GB reserved,      10.75 MB (  1%) committed 
             Both:        1.07 GB reserved,      79.57 MB (  7%) committed 

Chunk freelists:
   Non-Class:  7.00 KB
       Class:  8.00 KB
        Both:  15.00 KB

MaxMetaspaceSize: 17179869184.00 GB
CompressedClassSpaceSize: 1.00 GB

CodeHeap 'non-profiled nmethods': size=120000Kb used=3583Kb max_used=3583Kb free=116416Kb
 bounds [0x00000256f5a10000, 0x00000256f5d90000, 0x00000256fcf40000]
CodeHeap 'profiled nmethods': size=120000Kb used=15022Kb max_used=15022Kb free=104977Kb
 bounds [0x00000256ee4e0000, 0x00000256ef390000, 0x00000256f5a10000]
CodeHeap 'non-nmethods': size=5760Kb used=2280Kb max_used=2311Kb free=3479Kb
 bounds [0x00000256edf40000, 0x00000256ee1b0000, 0x00000256ee4e0000]
 total_blobs=8965 nmethods=8084 adapters=791
 compilation: enabled
              stopped_count=0, restarted_count=0
 full_count=0

Compilation events (20 events):
Event: 12.194 Thread 0x00000256ffa42000 8278       3       com.google.common.collect.ImmutableMap::builder (8 bytes)
Event: 12.194 Thread 0x00000256ffa42000 nmethod 8278 0x00000256ef386a90 code [0x00000256ef386c60, 0x00000256ef386fb8]
Event: 12.194 Thread 0x00000256ffa42000 8279       3       com.google.common.collect.ImmutableMap$Builder::<init> (6 bytes)
Event: 12.195 Thread 0x00000256ffa42000 nmethod 8279 0x00000256ef387110 code [0x00000256ef3872e0, 0x00000256ef387598]
Event: 12.196 Thread 0x00000256ffa42000 8280       3       org.gradle.internal.reflect.annotations.impl.DefaultTypeAnnotationMetadataStore$PropertyAnnotationMetadataBuilder$$Lambda$685/0x0000000100816040::apply (13 bytes)
Event: 12.196 Thread 0x00000256ffa42000 nmethod 8280 0x00000256ef387690 code [0x00000256ef387860, 0x00000256ef387c28]
Event: 12.215 Thread 0x00000256ffa42000 8282       1       org.gradle.api.internal.tasks.properties.ModifierAnnotationCategory::getDisplayName (5 bytes)
Event: 12.215 Thread 0x00000256ffa42000 nmethod 8282 0x00000256f5d8f990 code [0x00000256f5d8fb40, 0x00000256f5d8fbf8]
Event: 12.215 Thread 0x00000256ffa42000 8283       3       com.google.common.collect.AbstractMapBasedMultimap$WrappedCollection$WrappedIterator::next (14 bytes)
Event: 12.216 Thread 0x00000256ffa42000 nmethod 8283 0x00000256ef387d10 code [0x00000256ef387f00, 0x00000256ef388308]
Event: 12.221 Thread 0x00000256ffa42000 8285       3       org.gradle.api.internal.tasks.AbstractTaskDependency::<init> (5 bytes)
Event: 12.221 Thread 0x00000256ffa42000 nmethod 8285 0x00000256ef388490 code [0x00000256ef388640, 0x00000256ef388798]
Event: 12.246 Thread 0x00000256ffa42000 8286 %     3       org.gradle.internal.reflect.ClassInspector::inspectClass @ 11 (179 bytes)
Event: 12.248 Thread 0x00000256ffa42000 nmethod 8286% 0x00000256ef388890 code [0x00000256ef388c40, 0x00000256ef38a058]
Event: 12.254 Thread 0x00000256ffa42000 8287 %     3       jdk.internal.org.objectweb.asm.ClassReader::readUTF @ 20 (194 bytes)
Event: 12.255 Thread 0x00000256ffa42000 nmethod 8287% 0x00000256ef38a910 code [0x00000256ef38ab20, 0x00000256ef38b1d8]
Event: 12.257 Thread 0x00000256ffa42000 8288       1       org.gradle.internal.reflect.annotations.impl.DefaultPropertyAnnotationMetadata::getAnnotations (5 bytes)
Event: 12.258 Thread 0x00000256ffa42000 nmethod 8288 0x00000256f5d8fc90 code [0x00000256f5d8fe40, 0x00000256f5d8fef8]
Event: 12.258 Thread 0x00000256ffa42000 8289       3       org.gradle.api.internal.tasks.properties.DefaultTypeMetadataStore$DefaultPropertyMetadata::isAnnotationPresent (11 bytes)
Event: 12.258 Thread 0x00000256ffa42000 nmethod 8289 0x00000256ef38b490 code [0x00000256ef38b660, 0x00000256ef38b8c8]

GC Heap History (20 events):
Event: 6.413 GC heap before
{Heap before GC invocations=13 (full 0):
 garbage-first heap   total 155648K, used 108815K [0x0000000080000000, 0x0000000100000000)
  region size 1024K, 60 young (61440K), 8 survivors (8192K)
 Metaspace       used 51029K, capacity 52460K, committed 52552K, reserved 1095680K
  class space    used 6654K, capacity 7126K, committed 7168K, reserved 1048576K
}
Event: 6.420 GC heap after
{Heap after GC invocations=14 (full 0):
 garbage-first heap   total 155648K, used 58678K [0x0000000080000000, 0x0000000100000000)
  region size 1024K, 3 young (3072K), 3 survivors (3072K)
 Metaspace       used 51029K, capacity 52460K, committed 52552K, reserved 1095680K
  class space    used 6654K, capacity 7126K, committed 7168K, reserved 1048576K
}
Event: 7.357 GC heap before
{Heap before GC invocations=14 (full 0):
 garbage-first heap   total 155648K, used 111926K [0x0000000080000000, 0x0000000100000000)
  region size 1024K, 56 young (57344K), 3 survivors (3072K)
 Metaspace       used 55305K, capacity 56923K, committed 57288K, reserved 1099776K
  class space    used 7147K, capacity 7690K, committed 7808K, reserved 1048576K
}
Event: 7.361 GC heap after
{Heap after GC invocations=15 (full 0):
 garbage-first heap   total 155648K, used 61351K [0x0000000080000000, 0x0000000100000000)
  region size 1024K, 5 young (5120K), 5 survivors (5120K)
 Metaspace       used 55305K, capacity 56923K, committed 57288K, reserved 1099776K
  class space    used 7147K, capacity 7690K, committed 7808K, reserved 1048576K
}
Event: 8.060 GC heap before
{Heap before GC invocations=15 (full 0):
 garbage-first heap   total 155648K, used 123815K [0x0000000080000000, 0x0000000100000000)
  region size 1024K, 58 young (59392K), 5 survivors (5120K)
 Metaspace       used 56494K, capacity 58255K, committed 58440K, reserved 1099776K
  class space    used 7285K, capacity 7868K, committed 7936K, reserved 1048576K
}
Event: 8.066 GC heap after
{Heap after GC invocations=16 (full 0):
 garbage-first heap   total 155648K, used 80041K [0x0000000080000000, 0x0000000100000000)
  region size 1024K, 8 young (8192K), 8 survivors (8192K)
 Metaspace       used 56494K, capacity 58255K, committed 58440K, reserved 1099776K
  class space    used 7285K, capacity 7868K, committed 7936K, reserved 1048576K
}
Event: 8.573 GC heap before
{Heap before GC invocations=16 (full 0):
 garbage-first heap   total 155648K, used 121001K [0x0000000080000000, 0x0000000100000000)
  region size 1024K, 48 young (49152K), 8 survivors (8192K)
 Metaspace       used 61797K, capacity 63654K, committed 63816K, reserved 1103872K
  class space    used 7960K, capacity 8580K, committed 8704K, reserved 1048576K
}
Event: 8.579 GC heap after
{Heap after GC invocations=17 (full 0):
 garbage-first heap   total 155648K, used 82089K [0x0000000080000000, 0x0000000100000000)
  region size 1024K, 2 young (2048K), 2 survivors (2048K)
 Metaspace       used 61797K, capacity 63654K, committed 63816K, reserved 1103872K
  class space    used 7960K, capacity 8580K, committed 8704K, reserved 1048576K
}
Event: 9.064 GC heap before
{Heap before GC invocations=18 (full 0):
 garbage-first heap   total 155648K, used 122025K [0x0000000080000000, 0x0000000100000000)
  region size 1024K, 42 young (43008K), 2 survivors (2048K)
 Metaspace       used 67320K, capacity 69155K, committed 69320K, reserved 1110016K
  class space    used 8612K, capacity 9238K, committed 9344K, reserved 1048576K
}
Event: 9.068 GC heap after
{Heap after GC invocations=19 (full 0):
 garbage-first heap   total 155648K, used 86664K [0x0000000080000000, 0x0000000100000000)
  region size 1024K, 6 young (6144K), 6 survivors (6144K)
 Metaspace       used 67320K, capacity 69155K, committed 69320K, reserved 1110016K
  class space    used 8612K, capacity 9238K, committed 9344K, reserved 1048576K
}
Event: 9.449 GC heap before
{Heap before GC invocations=19 (full 0):
 garbage-first heap   total 155648K, used 124552K [0x0000000080000000, 0x0000000100000000)
  region size 1024K, 43 young (44032K), 6 survivors (6144K)
 Metaspace       used 70781K, capacity 72681K, committed 72776K, reserved 1112064K
  class space    used 9052K, capacity 9704K, committed 9728K, reserved 1048576K
}
Event: 9.456 GC heap after
{Heap after GC invocations=20 (full 0):
 garbage-first heap   total 155648K, used 87562K [0x0000000080000000, 0x0000000100000000)
  region size 1024K, 3 young (3072K), 3 survivors (3072K)
 Metaspace       used 70781K, capacity 72681K, committed 72776K, reserved 1112064K
  class space    used 9052K, capacity 9704K, committed 9728K, reserved 1048576K
}
Event: 9.992 GC heap before
{Heap before GC invocations=21 (full 0):
 garbage-first heap   total 155648K, used 126474K [0x0000000080000000, 0x0000000100000000)
  region size 1024K, 40 young (40960K), 3 survivors (3072K)
 Metaspace       used 73917K, capacity 75826K, committed 75976K, reserved 1116160K
  class space    used 9428K, capacity 10085K, committed 10112K, reserved 1048576K
}
Event: 9.997 GC heap after
{Heap after GC invocations=22 (full 0):
 garbage-first heap   total 155648K, used 89142K [0x0000000080000000, 0x0000000100000000)
  region size 1024K, 5 young (5120K), 5 survivors (5120K)
 Metaspace       used 73917K, capacity 75826K, committed 75976K, reserved 1116160K
  class space    used 9428K, capacity 10085K, committed 10112K, reserved 1048576K
}
Event: 11.074 GC heap before
{Heap before GC invocations=22 (full 0):
 garbage-first heap   total 155648K, used 127030K [0x0000000080000000, 0x0000000100000000)
  region size 1024K, 42 young (43008K), 5 survivors (5120K)
 Metaspace       used 74465K, capacity 76552K, committed 76616K, reserved 1116160K
  class space    used 9487K, capacity 10198K, committed 10240K, reserved 1048576K
}
Event: 11.085 GC heap after
{Heap after GC invocations=23 (full 0):
 garbage-first heap   total 155648K, used 92205K [0x0000000080000000, 0x0000000100000000)
  region size 1024K, 5 young (5120K), 5 survivors (5120K)
 Metaspace       used 74465K, capacity 76552K, committed 76616K, reserved 1116160K
  class space    used 9487K, capacity 10198K, committed 10240K, reserved 1048576K
}
Event: 11.887 GC heap before
{Heap before GC invocations=24 (full 0):
 garbage-first heap   total 155648K, used 128045K [0x0000000080000000, 0x0000000100000000)
  region size 1024K, 40 young (40960K), 5 survivors (5120K)
 Metaspace       used 78776K, capacity 80868K, committed 80968K, reserved 1120256K
  class space    used 10216K, capacity 10951K, committed 11008K, reserved 1048576K
}
Event: 11.894 GC heap after
{Heap after GC invocations=25 (full 0):
 garbage-first heap   total 155648K, used 94525K [0x0000000080000000, 0x0000000100000000)
  region size 1024K, 3 young (3072K), 3 survivors (3072K)
 Metaspace       used 78776K, capacity 80868K, committed 80968K, reserved 1120256K
  class space    used 10216K, capacity 10951K, committed 11008K, reserved 1048576K
}
Event: 12.262 GC heap before
{Heap before GC invocations=25 (full 0):
 garbage-first heap   total 155648K, used 100669K [0x0000000080000000, 0x0000000100000000)
  region size 1024K, 10 young (10240K), 3 survivors (3072K)
 Metaspace       used 79332K, capacity 81465K, committed 81480K, reserved 1120256K
  class space    used 10283K, capacity 11000K, committed 11008K, reserved 1048576K
}
Event: 12.267 GC heap after
{Heap after GC invocations=26 (full 0):
 garbage-first heap   total 155648K, used 94827K [0x0000000080000000, 0x0000000100000000)
  region size 1024K, 3 young (3072K), 3 survivors (3072K)
 Metaspace       used 79332K, capacity 81465K, committed 81480K, reserved 1120256K
  class space    used 10283K, capacity 11000K, committed 11008K, reserved 1048576K
}

Deoptimization events (20 events):
Event: 11.429 Thread 0x0000025686c92800 DEOPT PACKING pc=0x00000256ef26b672 sp=0x00000076aaef97e0
Event: 11.429 Thread 0x0000025686c92800 DEOPT UNPACKING pc=0x00000256edf66dde sp=0x00000076aaef8d10 mode 0
Event: 11.782 Thread 0x0000025686c92800 DEOPT PACKING pc=0x00000256ef353b46 sp=0x00000076aaef97e0
Event: 11.782 Thread 0x0000025686c92800 DEOPT UNPACKING pc=0x00000256edf66dde sp=0x00000076aaef8c20 mode 0
Event: 11.875 Thread 0x0000025686c92800 Uncommon trap: trap_request=0xffffffc6 fr.pc=0x00000256f5d7baf4 relative=0x0000000000000934
Event: 11.875 Thread 0x0000025686c92800 Uncommon trap: reason=bimorphic_or_optimized_type_check action=maybe_recompile pc=0x00000256f5d7baf4 method=com.google.common.collect.ImmutableSet$RegularSetBuilderImpl.add(Ljava/lang/Object;)Lcom/google/common/collect/ImmutableSet$SetBuilderImpl; @ 6 c2
Event: 11.875 Thread 0x0000025686c92800 DEOPT PACKING pc=0x00000256f5d7baf4 sp=0x00000076aaef8e20
Event: 11.875 Thread 0x0000025686c92800 DEOPT UNPACKING pc=0x00000256edf6662f sp=0x00000076aaef8df0 mode 2
Event: 11.877 Thread 0x0000025686c92800 Uncommon trap: trap_request=0xffffffc6 fr.pc=0x00000256f5d7baf4 relative=0x0000000000000934
Event: 11.877 Thread 0x0000025686c92800 Uncommon trap: reason=bimorphic_or_optimized_type_check action=maybe_recompile pc=0x00000256f5d7baf4 method=com.google.common.collect.ImmutableSet$RegularSetBuilderImpl.add(Ljava/lang/Object;)Lcom/google/common/collect/ImmutableSet$SetBuilderImpl; @ 6 c2
Event: 11.877 Thread 0x0000025686c92800 DEOPT PACKING pc=0x00000256f5d7baf4 sp=0x00000076aaef8af0
Event: 11.877 Thread 0x0000025686c92800 DEOPT UNPACKING pc=0x00000256edf6662f sp=0x00000076aaef8ac0 mode 2
Event: 11.877 Thread 0x0000025686c92800 Uncommon trap: trap_request=0xffffffc6 fr.pc=0x00000256f5d7baf4 relative=0x0000000000000934
Event: 11.877 Thread 0x0000025686c92800 Uncommon trap: reason=bimorphic_or_optimized_type_check action=maybe_recompile pc=0x00000256f5d7baf4 method=com.google.common.collect.ImmutableSet$RegularSetBuilderImpl.add(Ljava/lang/Object;)Lcom/google/common/collect/ImmutableSet$SetBuilderImpl; @ 6 c2
Event: 11.877 Thread 0x0000025686c92800 DEOPT PACKING pc=0x00000256f5d7baf4 sp=0x00000076aaef8ba0
Event: 11.877 Thread 0x0000025686c92800 DEOPT UNPACKING pc=0x00000256edf6662f sp=0x00000076aaef8b70 mode 2
Event: 11.878 Thread 0x0000025686c92800 Uncommon trap: trap_request=0xffffffc6 fr.pc=0x00000256f5d7baf4 relative=0x0000000000000934
Event: 11.878 Thread 0x0000025686c92800 Uncommon trap: reason=bimorphic_or_optimized_type_check action=maybe_recompile pc=0x00000256f5d7baf4 method=com.google.common.collect.ImmutableSet$RegularSetBuilderImpl.add(Ljava/lang/Object;)Lcom/google/common/collect/ImmutableSet$SetBuilderImpl; @ 6 c2
Event: 11.878 Thread 0x0000025686c92800 DEOPT PACKING pc=0x00000256f5d7baf4 sp=0x00000076aaef8af0
Event: 11.878 Thread 0x0000025686c92800 DEOPT UNPACKING pc=0x00000256edf6662f sp=0x00000076aaef8ac0 mode 2

Classes redefined (0 events):
No events

Internal exceptions (20 events):
Event: 11.030 Thread 0x0000025686c92800 Exception <a 'java/lang/ClassNotFoundException'{0x00000000877235f8}: com/android/builder/core/AbstractBuildTypeCustomizer> (0x00000000877235f8) thrown at [./src/hotspot/share/classfile/systemDictionary.cpp, line 231]
Event: 11.031 Thread 0x0000025686c92800 Exception <a 'java/lang/ClassNotFoundException'{0x000000008775b930}: com/android/build/gradle/internal/dsl/BuildTypeCustomizer> (0x000000008775b930) thrown at [./src/hotspot/share/classfile/systemDictionary.cpp, line 231]
Event: 11.035 Thread 0x0000025686c92800 Exception <a 'java/lang/ClassNotFoundException'{0x00000000877f30e8}: com/android/build/gradle/internal/dsl/BuildType$AgpDecoratedCustomizer> (0x00000000877f30e8) thrown at [./src/hotspot/share/classfile/systemDictionary.cpp, line 231]
Event: 11.038 Thread 0x0000025686c92800 Exception <a 'java/lang/ClassNotFoundException'{0x00000000876436f8}: com/android/build/gradle/internal/dsl/BuildType$AgpDecorated_DecoratedCustomizer> (0x00000000876436f8) thrown at [./src/hotspot/share/classfile/systemDictionary.cpp, line 231]
Event: 11.042 Thread 0x0000025686c92800 Exception <a 'java/lang/ClassNotFoundException'{0x000000008750d1b0}: build_5180avv8vthxxcsiyt3qpcvhi$_run_closure1$_closure4BeanInfo> (0x000000008750d1b0) thrown at [./src/hotspot/share/classfile/systemDictionary.cpp, line 231]
Event: 11.043 Thread 0x0000025686c92800 Exception <a 'java/lang/ClassNotFoundException'{0x000000008751f718}: build_5180avv8vthxxcsiyt3qpcvhi$_run_closure1$_closure4Customizer> (0x000000008751f718) thrown at [./src/hotspot/share/classfile/systemDictionary.cpp, line 231]
Event: 11.045 Thread 0x0000025686c92800 Exception <a 'java/lang/ClassNotFoundException'{0x000000008754ac58}: build_5180avv8vthxxcsiyt3qpcvhi$_run_closure1BeanInfo> (0x000000008754ac58) thrown at [./src/hotspot/share/classfile/systemDictionary.cpp, line 231]
Event: 11.045 Thread 0x0000025686c92800 Exception <a 'java/lang/ClassNotFoundException'{0x000000008755c5e8}: build_5180avv8vthxxcsiyt3qpcvhi$_run_closure1Customizer> (0x000000008755c5e8) thrown at [./src/hotspot/share/classfile/systemDictionary.cpp, line 231]
Event: 11.052 Thread 0x0000025686c92800 Exception <a 'java/lang/ClassNotFoundException'{0x00000000875bc5c0}: org/gradle/api/JavaVersionBeanInfo> (0x00000000875bc5c0) thrown at [./src/hotspot/share/classfile/systemDictionary.cpp, line 231]
Event: 11.054 Thread 0x0000025686c92800 Exception <a 'java/lang/ClassNotFoundException'{0x00000000875e8008}: org/gradle/api/JavaVersionCustomizer> (0x00000000875e8008) thrown at [./src/hotspot/share/classfile/systemDictionary.cpp, line 231]
Event: 11.057 Thread 0x0000025686c92800 Exception <a 'java/lang/ClassNotFoundException'{0x0000000087452db0}: com/android/build/gradle/internal/CompileOptions$AgpDecorated_DecoratedBeanInfo> (0x0000000087452db0) thrown at [./src/hotspot/share/classfile/systemDictionary.cpp, line 231]
Event: 11.058 Thread 0x0000025686c92800 Exception <a 'java/lang/ClassNotFoundException'{0x00000000874707c0}: com/android/build/gradle/internal/CompileOptions$AgpDecoratedBeanInfo> (0x00000000874707c0) thrown at [./src/hotspot/share/classfile/systemDictionary.cpp, line 231]
Event: 11.058 Thread 0x0000025686c92800 Exception <a 'java/lang/ClassNotFoundException'{0x000000008748c5b8}: com/android/build/gradle/internal/CompileOptionsBeanInfo> (0x000000008748c5b8) thrown at [./src/hotspot/share/classfile/systemDictionary.cpp, line 231]
Event: 11.059 Thread 0x0000025686c92800 Exception <a 'java/lang/ClassNotFoundException'{0x00000000874a8318}: com/android/build/gradle/internal/CompileOptionsCustomizer> (0x00000000874a8318) thrown at [./src/hotspot/share/classfile/systemDictionary.cpp, line 231]
Event: 11.060 Thread 0x0000025686c92800 Exception <a 'java/lang/ClassNotFoundException'{0x00000000874d1c88}: com/android/build/gradle/internal/CompileOptions$AgpDecoratedCustomizer> (0x00000000874d1c88) thrown at [./src/hotspot/share/classfile/systemDictionary.cpp, line 231]
Event: 11.061 Thread 0x0000025686c92800 Exception <a 'java/lang/ClassNotFoundException'{0x00000000874ff0e8}: com/android/build/gradle/internal/CompileOptions$AgpDecorated_DecoratedCustomizer> (0x00000000874ff0e8) thrown at [./src/hotspot/share/classfile/systemDictionary.cpp, line 231]
Event: 11.095 Thread 0x0000025686c92800 Exception <a 'java/lang/ClassNotFoundException'{0x0000000089775af0}: org/jetbrains/kotlin/gradle/dsl/KotlinJvmOptionsImplBeanInfo> (0x0000000089775af0) thrown at [./src/hotspot/share/classfile/systemDictionary.cpp, line 231]
Event: 11.096 Thread 0x0000025686c92800 Exception <a 'java/lang/ClassNotFoundException'{0x00000000897926a0}: org/jetbrains/kotlin/gradle/dsl/KotlinJvmOptionsBaseBeanInfo> (0x00000000897926a0) thrown at [./src/hotspot/share/classfile/systemDictionary.cpp, line 231]
Event: 11.097 Thread 0x0000025686c92800 Exception <a 'java/lang/ClassNotFoundException'{0x00000000897ae7a8}: org/jetbrains/kotlin/gradle/dsl/KotlinJvmOptionsBaseCustomizer> (0x00000000897ae7a8) thrown at [./src/hotspot/share/classfile/systemDictionary.cpp, line 231]
Event: 11.100 Thread 0x0000025686c92800 Exception <a 'java/lang/ClassNotFoundException'{0x00000000897e28c8}: org/jetbrains/kotlin/gradle/dsl/KotlinJvmOptionsImplCustomizer> (0x00000000897e28c8) thrown at [./src/hotspot/share/classfile/systemDictionary.cpp, line 231]

Events (20 events):
Event: 12.222 loading class com/android/build/gradle/internal/dependency/DexingWithClasspathTransform done
Event: 12.223 loading class com/android/build/gradle/internal/dependency/BaseDexingTransform
Event: 12.223 loading class com/android/build/gradle/internal/dependency/BaseDexingTransform done
Event: 12.224 loading class com/android/build/gradle/internal/dependency/DexingArtifactConfiguration$registerTransform$1
Event: 12.224 loading class com/android/build/gradle/internal/dependency/DexingArtifactConfiguration$registerTransform$1 done
Event: 12.225 loading class com/android/build/gradle/internal/dependency/BaseDexingTransform$Parameters
Event: 12.225 loading class com/android/build/gradle/internal/dependency/BaseDexingTransform$Parameters done
Event: 12.229 loading class com/android/build/gradle/internal/dependency/DexingArtifactConfiguration$registerTransform$1$1
Event: 12.229 loading class com/android/build/gradle/internal/dependency/DexingArtifactConfiguration$registerTransform$1$1 done
Event: 12.234 loading class com/android/builder/files/SerializableFileChanges
Event: 12.234 loading class com/android/builder/files/SerializableFileChanges done
Event: 12.236 loading class org/gradle/work/InputChanges
Event: 12.236 loading class org/gradle/work/InputChanges done
Event: 12.241 loading class com/android/builder/dexing/DependencyGraphUpdater
Event: 12.241 loading class com/android/builder/dexing/DependencyGraphUpdater done
Event: 12.243 loading class org/gradle/work/Incremental
Event: 12.243 loading class org/gradle/work/Incremental done
Event: 12.261 loading class com/android/build/gradle/internal/dependency/EnumerateClassesTransform
Event: 12.261 loading class com/android/build/gradle/internal/dependency/EnumerateClassesTransform done
Event: 12.262 Executing VM operation: CollectForMetadataAllocation


Dynamic libraries:
0x00007ff773280000 - 0x00007ff77328a000 	C:\Users\Masloff\AppData\Local\JetBrains\Toolbox\apps\AndroidStudio\ch-0\211.7628.21.2111.8193401\jre\bin\java.exe
0x00007ffdbc160000 - 0x00007ffdbc369000 	C:\WINDOWS\SYSTEM32\ntdll.dll
0x00007ffdbb570000 - 0x00007ffdbb62d000 	C:\WINDOWS\System32\KERNEL32.DLL
0x00007ffdb9ac0000 - 0x00007ffdb9e39000 	C:\WINDOWS\System32\KERNELBASE.dll
0x00007ffdb9e40000 - 0x00007ffdb9f51000 	C:\WINDOWS\System32\ucrtbase.dll
0x00007ffda4f60000 - 0x00007ffda4f79000 	C:\Users\Masloff\AppData\Local\JetBrains\Toolbox\apps\AndroidStudio\ch-0\211.7628.21.2111.8193401\jre\bin\jli.dll
0x00007ffda9750000 - 0x00007ffda9767000 	C:\Users\Masloff\AppData\Local\JetBrains\Toolbox\apps\AndroidStudio\ch-0\211.7628.21.2111.8193401\jre\bin\VCRUNTIME140.dll
0x00007ffdbb6a0000 - 0x00007ffdbb84c000 	C:\WINDOWS\System32\USER32.dll
0x00007ffdb9f60000 - 0x00007ffdb9f86000 	C:\WINDOWS\System32\win32u.dll
0x00007ffda3090000 - 0x00007ffda3335000 	C:\WINDOWS\WinSxS\amd64_microsoft.windows.common-controls_6595b64144ccf1df_6.0.22000.120_none_9d947278b86cc467\COMCTL32.dll
0x00007ffdbb090000 - 0x00007ffdbb133000 	C:\WINDOWS\System32\msvcrt.dll
0x00007ffdbbad0000 - 0x00007ffdbbaf9000 	C:\WINDOWS\System32\GDI32.dll
0x00007ffdb9650000 - 0x00007ffdb9762000 	C:\WINDOWS\System32\gdi32full.dll
0x00007ffdb9960000 - 0x00007ffdb99fd000 	C:\WINDOWS\System32\msvcp_win.dll
0x00007ffdbc0e0000 - 0x00007ffdbc111000 	C:\WINDOWS\System32\IMM32.DLL
0x00007ffd9a0a0000 - 0x00007ffd9a13d000 	C:\Users\Masloff\AppData\Local\JetBrains\Toolbox\apps\AndroidStudio\ch-0\211.7628.21.2111.8193401\jre\bin\msvcp140.dll
0x00007ffd10800000 - 0x00007ffd112d5000 	C:\Users\Masloff\AppData\Local\JetBrains\Toolbox\apps\AndroidStudio\ch-0\211.7628.21.2111.8193401\jre\bin\server\jvm.dll
0x00007ffdbbb20000 - 0x00007ffdbbbce000 	C:\WINDOWS\System32\ADVAPI32.dll
0x00007ffdbbbd0000 - 0x00007ffdbbc6e000 	C:\WINDOWS\System32\sechost.dll
0x00007ffdbb8c0000 - 0x00007ffdbb9e0000 	C:\WINDOWS\System32\RPCRT4.dll
0x00007ffdbb2a0000 - 0x00007ffdbb2a8000 	C:\WINDOWS\System32\PSAPI.DLL
0x00007ffd764f0000 - 0x00007ffd764f9000 	C:\WINDOWS\SYSTEM32\WSOCK32.dll
0x00007ffdb3c80000 - 0x00007ffdb3cb3000 	C:\WINDOWS\SYSTEM32\WINMM.dll
0x00007ffdbbc70000 - 0x00007ffdbbcdf000 	C:\WINDOWS\System32\WS2_32.dll
0x00007ffdb03a0000 - 0x00007ffdb03aa000 	C:\WINDOWS\SYSTEM32\VERSION.dll
0x00007ffdb8710000 - 0x00007ffdb8728000 	C:\WINDOWS\SYSTEM32\kernel.appcore.dll
0x00007ffd88b80000 - 0x00007ffd88b91000 	C:\Users\Masloff\AppData\Local\JetBrains\Toolbox\apps\AndroidStudio\ch-0\211.7628.21.2111.8193401\jre\bin\verify.dll
0x00007ffdaaa00000 - 0x00007ffdaac21000 	C:\WINDOWS\SYSTEM32\DBGHELP.DLL
0x00007ffd9e400000 - 0x00007ffd9e431000 	C:\WINDOWS\SYSTEM32\dbgcore.DLL
0x00007ffdb9770000 - 0x00007ffdb97ef000 	C:\WINDOWS\System32\bcryptPrimitives.dll
0x00007ffd88b50000 - 0x00007ffd88b79000 	C:\Users\Masloff\AppData\Local\JetBrains\Toolbox\apps\AndroidStudio\ch-0\211.7628.21.2111.8193401\jre\bin\java.dll
0x00007ffda8630000 - 0x00007ffda863b000 	C:\Users\Masloff\AppData\Local\JetBrains\Toolbox\apps\AndroidStudio\ch-0\211.7628.21.2111.8193401\jre\bin\jimage.dll
0x00007ffd88b30000 - 0x00007ffd88b48000 	C:\Users\Masloff\AppData\Local\JetBrains\Toolbox\apps\AndroidStudio\ch-0\211.7628.21.2111.8193401\jre\bin\zip.dll
0x00007ffdba570000 - 0x00007ffdbad1f000 	C:\WINDOWS\System32\SHELL32.dll
0x00007ffdb7750000 - 0x00007ffdb7fb8000 	C:\WINDOWS\SYSTEM32\windows.storage.dll
0x00007ffdbbd60000 - 0x00007ffdbc0d8000 	C:\WINDOWS\System32\combase.dll
0x00007ffdb75e0000 - 0x00007ffdb7746000 	C:\WINDOWS\SYSTEM32\wintypes.dll
0x00007ffdbb9e0000 - 0x00007ffdbbaca000 	C:\WINDOWS\System32\SHCORE.dll
0x00007ffdbb640000 - 0x00007ffdbb69d000 	C:\WINDOWS\System32\shlwapi.dll
0x00007ffdb9580000 - 0x00007ffdb95a1000 	C:\WINDOWS\SYSTEM32\profapi.dll
0x00007ffd88980000 - 0x00007ffd8899a000 	C:\Users\Masloff\AppData\Local\JetBrains\Toolbox\apps\AndroidStudio\ch-0\211.7628.21.2111.8193401\jre\bin\net.dll
0x00007ffdb3050000 - 0x00007ffdb315c000 	C:\WINDOWS\SYSTEM32\WINHTTP.dll
0x00007ffdb8bd0000 - 0x00007ffdb8c37000 	C:\WINDOWS\system32\mswsock.dll
0x00007ffd88960000 - 0x00007ffd88974000 	C:\Users\Masloff\AppData\Local\JetBrains\Toolbox\apps\AndroidStudio\ch-0\211.7628.21.2111.8193401\jre\bin\nio.dll
0x00007ffdab620000 - 0x00007ffdab647000 	C:\Users\Masloff\.gradle\native\e1d6ef7f7dcc3fd88c89a11ec53ec762bb8ba0a96d01ffa2cd45eb1d1d8dd5c5\windows-amd64\native-platform.dll
0x00007ffd692a0000 - 0x00007ffd693e4000 	C:\Users\Masloff\.gradle\native\5664cfc778a61ccfe75a443a1ab52a65af34e5dc3c78e0209fed803814484fcb\windows-amd64\native-platform-file-events.dll
0x00007ffda2cf0000 - 0x00007ffda2cfa000 	C:\Users\Masloff\AppData\Local\JetBrains\Toolbox\apps\AndroidStudio\ch-0\211.7628.21.2111.8193401\jre\bin\management.dll
0x00007ffda2350000 - 0x00007ffda235d000 	C:\Users\Masloff\AppData\Local\JetBrains\Toolbox\apps\AndroidStudio\ch-0\211.7628.21.2111.8193401\jre\bin\management_ext.dll
0x00007ffdb8e40000 - 0x00007ffdb8e58000 	C:\WINDOWS\SYSTEM32\CRYPTSP.dll
0x00007ffdb8670000 - 0x00007ffdb86a5000 	C:\WINDOWS\system32\rsaenh.dll
0x00007ffdb8ce0000 - 0x00007ffdb8d09000 	C:\WINDOWS\SYSTEM32\USERENV.dll
0x00007ffdb8fb0000 - 0x00007ffdb8fd7000 	C:\WINDOWS\SYSTEM32\bcrypt.dll
0x00007ffdb8e30000 - 0x00007ffdb8e3c000 	C:\WINDOWS\SYSTEM32\CRYPTBASE.dll
0x00007ffdb8250000 - 0x00007ffdb827d000 	C:\WINDOWS\SYSTEM32\IPHLPAPI.DLL
0x00007ffdbad20000 - 0x00007ffdbad29000 	C:\WINDOWS\System32\NSI.dll
0x00007ffdb3c60000 - 0x00007ffdb3c79000 	C:\WINDOWS\SYSTEM32\dhcpcsvc6.DLL
0x00007ffdb3dc0000 - 0x00007ffdb3dde000 	C:\WINDOWS\SYSTEM32\dhcpcsvc.DLL
0x00007ffdb8280000 - 0x00007ffdb8368000 	C:\WINDOWS\SYSTEM32\DNSAPI.dll

dbghelp: loaded successfully - version: 4.0.5 - missing functions: none
symbol engine: initialized successfully - sym options: 0x614 - pdb path: .;C:\Users\Masloff\AppData\Local\JetBrains\Toolbox\apps\AndroidStudio\ch-0\211.7628.21.2111.8193401\jre\bin;C:\WINDOWS\SYSTEM32;C:\WINDOWS\WinSxS\amd64_microsoft.windows.common-controls_6595b64144ccf1df_6.0.22000.120_none_9d947278b86cc467;C:\Users\Masloff\AppData\Local\JetBrains\Toolbox\apps\AndroidStudio\ch-0\211.7628.21.2111.8193401\jre\bin\server;C:\Users\Masloff\.gradle\native\e1d6ef7f7dcc3fd88c89a11ec53ec762bb8ba0a96d01ffa2cd45eb1d1d8dd5c5\windows-amd64;C:\Users\Masloff\.gradle\native\5664cfc778a61ccfe75a443a1ab52a65af34e5dc3c78e0209fed803814484fcb\windows-amd64

VM Arguments:
jvm_args: --add-opens=java.base/java.util=ALL-UNNAMED --add-opens=java.base/java.lang=ALL-UNNAMED --add-opens=java.base/java.lang.invoke=ALL-UNNAMED --add-opens=java.base/java.util=ALL-UNNAMED --add-opens=java.prefs/java.util.prefs=ALL-UNNAMED --add-opens=java.prefs/java.util.prefs=ALL-UNNAMED --add-opens=java.base/java.nio.charset=ALL-UNNAMED --add-opens=java.base/java.net=ALL-UNNAMED --add-opens=java.base/java.util.concurrent.atomic=ALL-UNNAMED -Xmx2048m -Dfile.encoding=UTF-8 -Duser.country=RU -Duser.language=ru -Duser.variant 
java_command: org.gradle.launcher.daemon.bootstrap.GradleDaemon 7.2
java_class_path (initial): C:\Users\Masloff\.gradle\wrapper\dists\gradle-7.2-bin\2dnblmf4td7x66yl1d74lt32g\gradle-7.2\lib\gradle-launcher-7.2.jar
Launcher Type: SUN_STANDARD

[Global flags]
     intx CICompilerCount                          = 4                                         {product} {ergonomic}
     uint ConcGCThreads                            = 2                                         {product} {ergonomic}
     uint G1ConcRefinementThreads                  = 8                                         {product} {ergonomic}
   size_t G1HeapRegionSize                         = 1048576                                   {product} {ergonomic}
    uintx GCDrainStackTargetSize                   = 64                                        {product} {ergonomic}
   size_t InitialHeapSize                          = 132120576                                 {product} {ergonomic}
   size_t MarkStackSize                            = 4194304                                   {product} {ergonomic}
   size_t MaxHeapSize                              = 2147483648                                {product} {command line}
   size_t MaxNewSize                               = 1287651328                                {product} {ergonomic}
   size_t MinHeapDeltaBytes                        = 1048576                                   {product} {ergonomic}
    uintx NonNMethodCodeHeapSize                   = 5836300                                {pd product} {ergonomic}
    uintx NonProfiledCodeHeapSize                  = 122910970                              {pd product} {ergonomic}
    uintx ProfiledCodeHeapSize                     = 122910970                              {pd product} {ergonomic}
    uintx ReservedCodeCacheSize                    = 251658240                              {pd product} {ergonomic}
     bool SegmentedCodeCache                       = true                                      {product} {ergonomic}
     bool UseCompressedClassPointers               = true                                 {lp64_product} {ergonomic}
     bool UseCompressedOops                        = true                                 {lp64_product} {ergonomic}
     bool UseG1GC                                  = true                                      {product} {ergonomic}
     bool UseLargePagesIndividualAllocation        = false                                  {pd product} {ergonomic}

Logging:
Log output configuration:
 #0: stdout all=warning uptime,level,tags
 #1: stderr all=off uptime,level,tags

Environment Variables:
PATH=C:\Program Files\Common Files\Oracle\Java\javapath;C:\Windows\System32\HWAudioDriverLibs;C:\Program Files (x86)\Common Files\Intel\Shared Libraries\redist\intel64\compiler;C:\Program Files (x86)\Common Files\Oracle\Java\javapath;C:\Windows\system32;C:\Windows;C:\Windows\System32\Wbem;C:\Windows\System32\WindowsPowerShell\v1.0\;C:\Windows\System32\OpenSSH\;C:\Program Files\nodejs\;C:\ProgramData\chocolatey\bin;C:\Program Files (x86)\NVIDIA Corporation\PhysX\Common;C:\Program Files\Git\cmd;C:\Program Files (x86)\VMware\VMware Workstation\bin\;C:\Program Files (x86)\Wolfram Research\WolframScript\;C:\Windows\system32\config\systemprofile\AppData\Local\Microsoft\WindowsApps;C:\Program Files\dotnet\;C:\kotlin-native-windows-x86_64-1.6.21\bin;;C:\WINDOWS\system32;C:\WINDOWS;C:\WINDOWS\System32\Wbem;C:\WINDOWS\System32\WindowsPowerShell\v1.0\;C:\WINDOWS\System32\OpenSSH\;C:\Users\Masloff\AppData\Local\Programs\Python\Python310\Scripts\;C:\Users\Masloff\AppData\Local\Programs\Python\Python310\;C:\Users\Masloff\AppData\Local\Microsoft\WindowsApps;C:\Program Files\Bandizip\;C:\Users\Masloff\AppData\Roaming\npm;C:\Users\Masloff\AppData\Local\GitHubDesktop\bin;C:\Program Files (x86)\flutter;C:\Users\Masloff\AppData\Local\Programs\Microsoft VS Code\bin;C:\Users\Masloff\.dotnet\tools;C:\kotlin-native-windows-x86_64-1.6.21\bin;
USERNAME=Masloff
OS=Windows_NT
PROCESSOR_IDENTIFIER=Intel64 Family 6 Model 142 Stepping 12, GenuineIntel



---------------  S Y S T E M  ---------------

OS: Windows 10 , 64 bit Build 22000 (10.0.22000.675)
OS uptime: 0 days 5:33 hours
Hyper-V role detected

CPU:total 8 (initial active 8) (4 cores per cpu, 2 threads per core) family 6 model 142 stepping 12 microcode 0xde, cmov, cx8, fxsr, mmx, sse, sse2, sse3, ssse3, sse4.1, sse4.2, popcnt, avx, avx2, aes, clmul, erms, 3dnowpref, lzcnt, ht, tsc, tscinvbit, bmi1, bmi2, adx, fma

Memory: 4k page, system-wide physical 8025M (62M free)
TotalPageFile size 20025M (AvailPageFile size 0M)
current process WorkingSet (physical memory assigned to process): 374M, peak: 374M
current process commit charge ("private bytes"): 413M, peak: 414M

vm_info: OpenJDK 64-Bit Server VM (11.0.11+9-b60-7590822) for windows-amd64 JRE (11.0.11+9-b60-7590822), built on Jul 29 2021 21:43:44 by "builder" with MS VC++ 14.0 (VS2015)

END.
